Build started 20-Nov-17 2:40:26 AM.
     1>Project "E:\Third Year\AR&OS\1Assemply Projects\sol sheet 5\sh5 p3\sh5 p3.vcxproj" on node 2 (Build target(s)).
     1>Link:
         C:\Program Files (x86)\Microsoft Visual Studio 11.0\VC\bin\link.exe /ERRORREPORT:PROMPT /OUT:"E:\Third Year\AR&OS\1Assemply Projects\sol sheet 5\Debug\sh5 p3.exe" /INCREMENTAL /NOLOGO kernel32.lib user32.lib gdi32.lib winspool.lib comdlg32.lib advapi32.lib shell32.lib ole32.lib oleaut32.lib uuid.lib odbc32.lib odbccp32.lib /MANIFEST /MANIFESTUAC:"level='asInvoker' uiAccess='false'" /manifest:embed /DEBUG /PDB:"E:\Third Year\AR&OS\1Assemply Projects\sol sheet 5\Debug\sh5 p3.pdb" /SUBSYSTEM:WINDOWS /TLBID:1 /ENTRY:"_MainProc" /DYNAMICBASE /NXCOMPAT /IMPLIB:"E:\Third Year\AR&OS\1Assemply Projects\sol sheet 5\Debug\sh5 p3.lib" /MACHINE:X86 Debug\framework.res
         Debug\framework.obj
         Debug\io.obj
     1>LINK : error LNK2001: unresolved external symbol __MainProc
     1>framework.obj : error LNK2019: unresolved external symbol _MainProc referenced in function _WinMain@16
     1>E:\Third Year\AR&OS\1Assemply Projects\sol sheet 5\Debug\sh5 p3.exe : fatal error LNK1120: 2 unresolved externals
     1>Done Building Project "E:\Third Year\AR&OS\1Assemply Projects\sol sheet 5\sh5 p3\sh5 p3.vcxproj" (Build target(s)) -- FAILED.

Build FAILED.

Time Elapsed 00:00:00.39
